$ next build
   Γû▓ Next.js 15.5.12
   - Environments: .env

   Creating an optimized production build ...
 Γ£ô Compiled successfully in 10.4s
   Skipping validation of types
   Linting ...
   Collecting page data ...
   Generating static pages (0/11) ...
   Generating static pages (2/11) 
   Generating static pages (5/11) 
   Generating static pages (8/11) 
 Γ£ô Generating static pages (11/11)
   Finalizing page optimization ...
   Collecting build traces ...

Route (app)                                 Size  First Load JS
Γöî Γùï /                                    49.1 kB         222 kB
Γö£ Γùï /_not-found                            991 B         103 kB
Γö£ ╞Æ /api/checkout                          134 B         102 kB
Γö£ ╞Æ /api/deployments                       134 B         102 kB
Γö£ ╞Æ /api/status                            134 B         102 kB
Γö£ ╞Æ /api/webhooks/clerk                    134 B         102 kB
Γö£ ╞Æ /api/webhooks/stripe                   134 B         102 kB
Γö£ Γùï /dashboard                           3.87 kB         147 kB
Γö£ Γùï /deploy                              1.94 kB         175 kB
Γö£ ╞Æ /sign-in/[[...sign-in]]                395 B         142 kB
Γö£ ╞Æ /sign-up/[[...sign-up]]                395 B         142 kB
Γöö ╞Æ /status/[id]                         6.61 kB         150 kB
+ First Load JS shared by all             102 kB
  Γö£ chunks/255-ebd51be49873d76c.js         46 kB
  Γö£ chunks/4bd1b696-c023c6e3521b1417.js  54.2 kB
  Γöö other shared chunks (total)          2.04 kB


╞Æ Middleware                             86.8 kB

Γùï  (Static)   prerendered as static content
╞Æ  (Dynamic)  server-rendered on demand

